#
# A fatal error has been detected by the Java Runtime Environment:
#
#  SIGSEGV (0xb) at pc=0x0000000123fd9e43, pid=14838, tid=43839
#
# JRE version: Java(TM) SE Runtime Environment (8.0_73-b02) (build 1.8.0_73-b02)
# Java VM: Java HotSpot(TM) 64-Bit Server VM (25.73-b02 mixed mode bsd-amd64 compressed oops)
# Problematic frame:
# C  [libawt_lwawt.dylib+0x1ae43]  OGLSD_SetScratchSurface+0x49
#
# Failed to write core dump. Core dumps have been disabled. To enable core dumping, try "ulimit -c unlimited" before starting Java again
#
# If you would like to submit a bug report, please visit:
#   http://bugreport.java.com/bugreport/crash.jsp
# The crash happened outside the Java Virtual Machine in native code.
# See problematic frame for where to report the bug.
#

---------------  T H R E A D  ---------------

Current thread (0x00007fd1421f7800):  JavaThread "Java2D Queue Flusher" daemon [_thread_in_native, id=43839, stack(0x00007000012d6000,0x00007000013d6000)]

siginfo: si_signo: 11 (SIGSEGV), si_code: 1 (SEGV_MAPERR), si_addr: 0x0000000000000002

Registers:
RAX=0x00000000ffffffff, RBX=0x0000000000000002, RCX=0x0000000000000047, RDX=0x0000000123ffa8ec
RSP=0x00007000013d5810, RBP=0x00007000013d5830, RSI=0x00007fd1417511d0, RDI=0x00007fd1421f79f8
R8 =0x0000000000000001, R9 =0x0000000000000000, R10=0x0000000108223f38, R11=0x0000000000000020
R12=0x0000000000000000, R13=0x00000006c00d0ad0, R14=0x00007fd1421f79f8, R15=0x00007fd1421f7800
RIP=0x0000000123fd9e43, EFLAGS=0x0000000000010202, ERR=0x0000000000000004
  TRAPNO=0x000000000000000e

Top of Stack: (sp=0x00007000013d5810)
0x00007000013d5810:   00007fd1417511d0 0000000000000000
0x00007000013d5820:   00007fd14220e210 00007fd1421f7800
0x00007000013d5830:   00007000013d58b0 0000000123ffa3ca
0x00007000013d5840:   0000000000000064 00007fd1416b9ce8
0x00007000013d5850:   00007000013d58b0 000000010714c724
0x00007000013d5860:   0000000000000005 00007fd1421f7800
0x00007000013d5870:   00000006c00d0a01 00007fd14220e220
0x00007000013d5880:   00007000003d5800 00007fd1421f79f8
0x00007000013d5890:   0000000000000000 0000000000000000
0x00007000013d58a0:   00007000013d5908 00007fd1421f7800
0x00007000013d58b0:   00007000013d5900 0000000108223faa
0x00007000013d58c0:   00000006c00d09f8 00007000013d5908
0x00007000013d58d0:   00000001861921e8 0000000000000000
0x00007000013d58e0:   0000000186192178 0000000000000000
0x00007000013d58f0:   00007000013d5910 00000000d801a13f
0x00007000013d5900:   00000000d801a13f 0000000108a26d98
0x00007000013d5910:   00000006c00d09f8 0000000000000000
0x00007000013d5920:   00000006c00d0ad0 0000000000000000
0x00007000013d5930:   00000006c00d0ad0 00007000013d59d0
0x00007000013d5940:   0000000000000001 0000000000000000
0x00007000013d5950:   00007000013d59d0 0000000107d8d7a7
0x00007000013d5960:   00000006c00d0ad0 00000006c00d0ad0
0x00007000013d5970:   0000700000001fa0 000000000000000a
0x00007000013d5980:   00007fd1421f7800 0000000000000001
0x00007000013d5990:   0000000107d8d71f 0000000120befa60
0x00007000013d59a0:   00007000013d5a68 00007000013d5d00
0x00007000013d59b0:   000000010000000a 0000000120befa60
0x00007000013d59c0:   0000000107d9e0a0 00007000013d5c70
0x00007000013d59d0:   00007000013d5b80 00000001070eae7a
0x00007000013d59e0:   0000700000000001 00007fd1421f7800
0x00007000013d59f0:   00007fd1421f7800 00007000013d5d00
0x00007000013d5a00:   00007fd1416b9ce0 0000000107d9e0a0 

Instructions: (pc=0x0000000123fd9e43)
0x0000000123fd9e23:   c0 e9 82 00 00 00 48 8b 5e 10 48 85 db 75 0e bf
0x0000000123fd9e33:   01 00 00 00 48 8d 15 fd 75 03 00 eb d6 49 89 fe
0x0000000123fd9e43:   4c 8b 3b 30 c0 e8 c5 a2 02 00 49 8b 3f 49 89 c4
0x0000000123fd9e53:   48 8b 35 a6 f7 05 00 30 c0 e8 cb a3 02 00 48 85 

Register to memory mapping:

RAX=0x00000000ffffffff is an unknown value
RBX=0x0000000000000002 is an unknown value
RCX=0x0000000000000047 is an unknown value
RDX=0x0000000123ffa8ec: Java_sun_java2d_opengl_OGLRenderQueue_flushBuffer+0xb5c in /Library/Java/JavaVirtualMachines/jdk1.8.0_73.jdk/Contents/Home/jre/lib/libawt_lwawt.dylib at 0x0000000123fbf000
RSP=0x00007000013d5810 is pointing into the stack for thread: 0x00007fd1421f7800
RBP=0x00007000013d5830 is pointing into the stack for thread: 0x00007fd1421f7800
RSI=0x00007fd1417511d0 is an unknown value
RDI=0x00007fd1421f79f8 is an unknown value
R8 =0x0000000000000001 is an unknown value
R9 =0x0000000000000000 is an unknown value
R10=0x0000000108223f38 is at entry_point+56 in (nmethod*)0x0000000108223d90
R11=0x0000000000000020 is an unknown value
R12=0x0000000000000000 is an unknown value
R13=0x00000006c00d0ad0 is an oop
sun.java2d.opengl.OGLRenderQueue$QueueFlusher 
 - klass: 'sun/java2d/opengl/OGLRenderQueue$QueueFlusher'
R14=0x00007fd1421f79f8 is an unknown value
R15=0x00007fd1421f7800 is a thread


Stack: [0x00007000012d6000,0x00007000013d6000],  sp=0x00007000013d5810,  free space=1022k
Native frames: (J=compiled Java code, j=interpreted, Vv=VM code, C=native code)
C  [libawt_lwawt.dylib+0x1ae43]  OGLSD_SetScratchSurface+0x49
C  [libawt_lwawt.dylib+0x3b3ca]  Java_sun_java2d_opengl_OGLRenderQueue_flushBuffer+0x63a
J 1422  sun.java2d.opengl.OGLRenderQueue.flushBuffer(JI)V (0 bytes) @ 0x0000000108223faa [0x0000000108223f00+0xaa]
J 4643% C2 sun.java2d.opengl.OGLRenderQueue$QueueFlusher.run()V (234 bytes) @ 0x0000000108a26d98 [0x0000000108a26cc0+0xd8]
v  ~StubRoutines::call_stub
V  [libjvm.dylib+0x2eae7a]
V  [libjvm.dylib+0x2eb608]
V  [libjvm.dylib+0x2eb7b4]
V  [libjvm.dylib+0x345d31]
V  [libjvm.dylib+0x561753]
V  [libjvm.dylib+0x562e4e]
V  [libjvm.dylib+0x4838a2]
C  [libsystem_pthread.dylib+0x399d]  _pthread_body+0x83
C  [libsystem_pthread.dylib+0x391a]  _pthread_body+0x0
C  [libsystem_pthread.dylib+0x1351]  thread_start+0xd
C  0x0000000000000000

Java frames: (J=compiled Java code, j=interpreted, Vv=VM code)
J 1422  sun.java2d.opengl.OGLRenderQueue.flushBuffer(JI)V (0 bytes) @ 0x0000000108223f38 [0x0000000108223f00+0x38]
J 4643% C2 sun.java2d.opengl.OGLRenderQueue$QueueFlusher.run()V (234 bytes) @ 0x0000000108a26d98 [0x0000000108a26cc0+0xd8]
v  ~StubRoutines::call_stub

---------------  P R O C E S S  ---------------

Java Threads: ( => current thread )
  0x00007fd143281000 JavaThread "SwingWorker-pool-1-thread-1" daemon [_thread_blocked, id=37687, stack(0x00007000017e8000,0x00007000018e8000)]
  0x00007fd14250b800 JavaThread "TimerQueue" daemon [_thread_blocked, id=63499, stack(0x0000700001662000,0x0000700001762000)]
  0x00007fd1429c7800 JavaThread "DestroyJavaVM" [_thread_blocked, id=5891, stack(0x000070000011a000,0x000070000021a000)]
  0x00007fd141924000 JavaThread "AWT-EventQueue-0" [_thread_blocked, id=54531, stack(0x00007000014dc000,0x00007000015dc000)]
  0x00007fd14224d800 JavaThread "Java2D Disposer" daemon [_thread_blocked, id=53507, stack(0x00007000013d9000,0x00007000014d9000)]
=>0x00007fd1421f7800 JavaThread "Java2D Queue Flusher" daemon [_thread_in_native, id=43839, stack(0x00007000012d6000,0x00007000013d6000)]
  0x00007fd142185000 JavaThread "AWT-Shutdown" [_thread_blocked, id=29203, stack(0x0000700001150000,0x0000700001250000)]
  0x00007fd14328b000 JavaThread "AppKit Thread" daemon [_thread_in_native, id=2571, stack(0x00007fff5910b000,0x00007fff5990b000)]
  0x00007fd142810000 JavaThread "Service Thread" daemon [_thread_blocked, id=18435, stack(0x0000700000dc1000,0x0000700000ec1000)]
  0x00007fd142078800 JavaThread "C1 CompilerThread2" daemon [_thread_blocked, id=17923, stack(0x0000700000cbe000,0x0000700000dbe000)]
  0x00007fd142077800 JavaThread "C2 CompilerThread1" daemon [_thread_blocked, id=17411, stack(0x0000700000bbb000,0x0000700000cbb000)]
  0x00007fd142087000 JavaThread "C2 CompilerThread0" daemon [_thread_blocked, id=16899, stack(0x0000700000ab8000,0x0000700000bb8000)]
  0x00007fd142086800 JavaThread "Signal Dispatcher" daemon [_thread_blocked, id=13839, stack(0x00007000009b5000,0x0000700000ab5000)]
  0x00007fd14300c800 JavaThread "Finalizer" daemon [_thread_blocked, id=12291, stack(0x000070000082f000,0x000070000092f000)]
  0x00007fd142055000 JavaThread "Reference Handler" daemon [_thread_blocked, id=11779, stack(0x000070000072c000,0x000070000082c000)]

Other Threads:
  0x00007fd142052000 VMThread [stack: 0x0000700000629000,0x0000700000729000] [id=11267]
  0x00007fd14205c800 WatcherThread [stack: 0x0000700000ec4000,0x0000700000fc4000] [id=18947]

VM state:not at safepoint (normal execution)

VM Mutex/Monitor currently owned by a thread: None

Heap:
 PSYoungGen      total 39424K, used 1089K [0x000000076ab00000, 0x000000076da80000, 0x00000007c0000000)
  eden space 30208K, 3% used [0x000000076ab00000,0x000000076ac105f0,0x000000076c880000)
  from space 9216K, 0% used [0x000000076d180000,0x000000076d180000,0x000000076da80000)
  to   space 9216K, 0% used [0x000000076c880000,0x000000076c880000,0x000000076d180000)
 ParOldGen       total 101888K, used 39883K [0x00000006c0000000, 0x00000006c6380000, 0x000000076ab00000)
  object space 101888K, 39% used [0x00000006c0000000,0x00000006c26f2ce0,0x00000006c6380000)
 Metaspace       used 21828K, capacity 22066K, committed 22400K, reserved 1069056K
  class space    used 2549K, capacity 2619K, committed 2688K, reserved 1048576K

Card table byte_map: [0x000000011714d000,0x000000011794e000] byte_map_base: 0x0000000113b4d000

Marking Bits: (ParMarkBitMap*) 0x00000001076e3ea0
 Begin Bits: [0x0000000117ea4000, 0x000000011bea4000)
 End Bits:   [0x000000011bea4000, 0x000000011fea4000)

Polling page: 0x00000001065b8000

CodeCache: size=245760Kb used=12937Kb max_used=13063Kb free=232822Kb
 bounds [0x0000000107d8d000, 0x0000000108a7d000, 0x0000000116d8d000]
 total_blobs=4395 nmethods=3742 adapters=563
 compilation: enabled

Compilation events (10 events):
Event: 6537.740 Thread 0x00007fd142077800 4755 % !   4       sun.java2d.Disposer::run @ 0 (53 bytes)
Event: 6537.749 Thread 0x00007fd142087000 nmethod 4754% 0x0000000108201110 code [0x00000001082012e0, 0x0000000108201d08]
Event: 6537.757 Thread 0x00007fd142077800 nmethod 4755% 0x00000001086afc10 code [0x00000001086afe20, 0x00000001086b0b40]
Event: 6537.761 Thread 0x00007fd142087000 4756   !   4       java.lang.ref.ReferenceQueue::poll (28 bytes)
Event: 6537.763 Thread 0x00007fd142087000 nmethod 4756 0x00000001082b2210 code [0x00000001082b2360, 0x00000001082b2698]
Event: 6537.763 Thread 0x00007fd142078800 4757   !   3       sun.java2d.Disposer::clearDeferredRecords (70 bytes)
Event: 6537.764 Thread 0x00007fd142078800 nmethod 4757 0x0000000108a4cd50 code [0x0000000108a4cfa0, 0x0000000108a4dad8]
Event: 6537.765 Thread 0x00007fd142078800 4758 % !   3       sun.java2d.Disposer::run @ 0 (53 bytes)
Event: 6537.766 Thread 0x00007fd142078800 nmethod 4758% 0x00000001080fe3d0 code [0x00000001080fe5e0, 0x00000001080ff058]
Event: 6537.768 Thread 0x00007fd142087000 4759   !   4       sun.java2d.Disposer::clearDeferredRecords (70 bytes)

GC Heap History (10 events):
Event: 6528.059 GC heap before
{Heap before GC invocations=2012 (full 1):
 PSYoungGen      total 39424K, used 38868K [0x000000076ab00000, 0x000000076da80000, 0x00000007c0000000)
  eden space 30208K, 99% used [0x000000076ab00000,0x000000076c87a3a8,0x000000076c880000)
  from space 9216K, 94% used [0x000000076d180000,0x000000076d9faf60,0x000000076da80000)
  to   space 9216K, 0% used [0x000000076c880000,0x000000076c880000,0x000000076d180000)
 ParOldGen       total 88064K, used 87945K [0x00000006c0000000, 0x00000006c5600000, 0x000000076ab00000)
  object space 88064K, 99% used [0x00000006c0000000,0x00000006c55e2690,0x00000006c5600000)
 Metaspace       used 21834K, capacity 22078K, committed 22400K, reserved 1069056K
  class space    used 2552K, capacity 2625K, committed 2688K, reserved 1048576K
Event: 6528.064 GC heap after
Heap after GC invocations=2012 (full 1):
 PSYoungGen      total 39424K, used 8651K [0x000000076ab00000, 0x000000076da80000, 0x00000007c0000000)
  eden space 30208K, 0% used [0x000000076ab00000,0x000000076ab00000,0x000000076c880000)
  from space 9216K, 93% used [0x000000076c880000,0x000000076d0f2f60,0x000000076d180000)
  to   space 9216K, 0% used [0x000000076d180000,0x000000076d180000,0x000000076da80000)
 ParOldGen       total 88064K, used 87961K [0x00000006c0000000, 0x00000006c5600000, 0x000000076ab00000)
  object space 88064K, 99% used [0x00000006c0000000,0x00000006c55e6690,0x00000006c5600000)
 Metaspace       used 21834K, capacity 22078K, committed 22400K, reserved 1069056K
  class space    used 2552K, capacity 2625K, committed 2688K, reserved 1048576K
}
Event: 6531.217 GC heap before
{Heap before GC invocations=2013 (full 1):
 PSYoungGen      total 39424K, used 38836K [0x000000076ab00000, 0x000000076da80000, 0x00000007c0000000)
  eden space 30208K, 99% used [0x000000076ab00000,0x000000076c87a3a8,0x000000076c880000)
  from space 9216K, 93% used [0x000000076c880000,0x000000076d0f2f60,0x000000076d180000)
  to   space 9216K, 0% used [0x000000076d180000,0x000000076d180000,0x000000076da80000)
 ParOldGen       total 88064K, used 87961K [0x00000006c0000000, 0x00000006c5600000, 0x000000076ab00000)
  object space 88064K, 99% used [0x00000006c0000000,0x00000006c55e6690,0x00000006c5600000)
 Metaspace       used 21834K, capacity 22078K, committed 22400K, reserved 1069056K
  class space    used 2552K, capacity 2625K, committed 2688K, reserved 1048576K
Event: 6531.221 GC heap after
Heap after GC invocations=2013 (full 1):
 PSYoungGen      total 39424K, used 8651K [0x000000076ab00000, 0x000000076da80000, 0x00000007c0000000)
  eden space 30208K, 0% used [0x000000076ab00000,0x000000076ab00000,0x000000076c880000)
  from space 9216K, 93% used [0x000000076d180000,0x000000076d9f2f60,0x000000076da80000)
  to   space 9216K, 0% used [0x000000076c880000,0x000000076c880000,0x000000076d180000)
 ParOldGen       total 88064K, used 87985K [0x00000006c0000000, 0x00000006c5600000, 0x000000076ab00000)
  object space 88064K, 99% used [0x00000006c0000000,0x00000006c55ec690,0x00000006c5600000)
 Metaspace       used 21834K, capacity 22078K, committed 22400K, reserved 1069056K
  class space    used 2552K, capacity 2625K, committed 2688K, reserved 1048576K
}
Event: 6534.377 GC heap before
{Heap before GC invocations=2014 (full 1):
 PSYoungGen      total 39424K, used 38836K [0x000000076ab00000, 0x000000076da80000, 0x00000007c0000000)
  eden space 30208K, 99% used [0x000000076ab00000,0x000000076c87a3a8,0x000000076c880000)
  from space 9216K, 93% used [0x000000076d180000,0x000000076d9f2f60,0x000000076da80000)
  to   space 9216K, 0% used [0x000000076c880000,0x000000076c880000,0x000000076d180000)
 ParOldGen       total 88064K, used 87985K [0x00000006c0000000, 0x00000006c5600000, 0x000000076ab00000)
  object space 88064K, 99% used [0x00000006c0000000,0x00000006c55ec690,0x00000006c5600000)
 Metaspace       used 21834K, capacity 22078K, committed 22400K, reserved 1069056K
  class space    used 2552K, capacity 2625K, committed 2688K, reserved 1048576K
Event: 6534.381 GC heap after
Heap after GC invocations=2014 (full 1):
 PSYoungGen      total 39424K, used 8439K [0x000000076ab00000, 0x000000076da80000, 0x00000007c0000000)
  eden space 30208K, 0% used [0x000000076ab00000,0x000000076ab00000,0x000000076c880000)
  from space 9216K, 91% used [0x000000076c880000,0x000000076d0bde00,0x000000076d180000)
  to   space 9216K, 0% used [0x000000076d180000,0x000000076d180000,0x000000076da80000)
 ParOldGen       total 88064K, used 88009K [0x00000006c0000000, 0x00000006c5600000, 0x000000076ab00000)
  object space 88064K, 99% used [0x00000006c0000000,0x00000006c55f2690,0x00000006c5600000)
 Metaspace       used 21834K, capacity 22078K, committed 22400K, reserved 1069056K
  class space    used 2552K, capacity 2625K, committed 2688K, reserved 1048576K
}
Event: 6537.540 GC heap before
{Heap before GC invocations=2015 (full 1):
 PSYoungGen      total 39424K, used 38622K [0x000000076ab00000, 0x000000076da80000, 0x00000007c0000000)
  eden space 30208K, 99% used [0x000000076ab00000,0x000000076c879a78,0x000000076c880000)
  from space 9216K, 91% used [0x000000076c880000,0x000000076d0bde00,0x000000076d180000)
  to   space 9216K, 0% used [0x000000076d180000,0x000000076d180000,0x000000076da80000)
 ParOldGen       total 88064K, used 88009K [0x00000006c0000000, 0x00000006c5600000, 0x000000076ab00000)
  object space 88064K, 99% used [0x00000006c0000000,0x00000006c55f2690,0x00000006c5600000)
 Metaspace       used 21834K, capacity 22078K, committed 22400K, reserved 1069056K
  class space    used 2552K, capacity 2625K, committed 2688K, reserved 1048576K
Event: 6537.545 GC heap after
Heap after GC invocations=2015 (full 1):
 PSYoungGen      total 39424K, used 8683K [0x000000076ab00000, 0x000000076da80000, 0x00000007c0000000)
  eden space 30208K, 0% used [0x000000076ab00000,0x000000076ab00000,0x000000076c880000)
  from space 9216K, 94% used [0x000000076d180000,0x000000076d9faf60,0x000000076da80000)
  to   space 9216K, 0% used [0x000000076c880000,0x000000076c880000,0x000000076d180000)
 ParOldGen       total 88064K, used 88033K [0x00000006c0000000, 0x00000006c5600000, 0x000000076ab00000)
  object space 88064K, 99% used [0x00000006c0000000,0x00000006c55f8690,0x00000006c5600000)
 Metaspace       used 21834K, capacity 22078K, committed 22400K, reserved 1069056K
  class space    used 2552K, capacity 2625K, committed 2688K, reserved 1048576K
}
Event: 6537.545 GC heap before
{Heap before GC invocations=2016 (full 2):
 PSYoungGen      total 39424K, used 8683K [0x000000076ab00000, 0x000000076da80000, 0x00000007c0000000)
  eden space 30208K, 0% used [0x000000076ab00000,0x000000076ab00000,0x000000076c880000)
  from space 9216K, 94% used [0x000000076d180000,0x000000076d9faf60,0x000000076da80000)
  to   space 9216K, 0% used [0x000000076c880000,0x000000076c880000,0x000000076d180000)
 ParOldGen       total 88064K, used 88033K [0x00000006c0000000, 0x00000006c5600000, 0x000000076ab00000)
  object space 88064K, 99% used [0x00000006c0000000,0x00000006c55f8690,0x00000006c5600000)
 Metaspace       used 21834K, capacity 22078K, committed 22400K, reserved 1069056K
  class space    used 2552K, capacity 2625K, committed 2688K, reserved 1048576K
Event: 6537.713 GC heap after
Heap after GC invocations=2016 (full 2):
 PSYoungGen      total 39424K, used 0K [0x000000076ab00000, 0x000000076da80000, 0x00000007c0000000)
  eden space 30208K, 0% used [0x000000076ab00000,0x000000076ab00000,0x000000076c880000)
  from space 9216K, 0% used [0x000000076d180000,0x000000076d180000,0x000000076da80000)
  to   space 9216K, 0% used [0x000000076c880000,0x000000076c880000,0x000000076d180000)
 ParOldGen       total 101888K, used 39883K [0x00000006c0000000, 0x00000006c6380000, 0x000000076ab00000)
  object space 101888K, 39% used [0x00000006c0000000,0x00000006c26f2ce0,0x00000006c6380000)
 Metaspace       used 21826K, capacity 22066K, committed 22400K, reserved 1069056K
  class space    used 2548K, capacity 2619K, committed 2688K, reserved 1048576K
}

Deoptimization events (10 events):
Event: 3816.044 Thread 0x00007fd141924000 Uncommon trap: reason=unstable_if action=reinterpret pc=0x00000001087f53fc method=org.jfree.chart.plot.CrosshairState.updateCrosshairPoint(DDIIDDLorg/jfree/chart/plot/PlotOrientation;)V @ 4
Event: 3816.044 Thread 0x00007fd141924000 Uncommon trap: reason=unstable_if action=reinterpret pc=0x00000001087f155c method=org.jfree.chart.plot.CrosshairState.updateCrosshairPoint(DDIIDDLorg/jfree/chart/plot/PlotOrientation;)V @ 4
Event: 6537.713 Thread 0x00007fd142055000 Uncommon trap: reason=unstable_if action=reinterpret pc=0x00000001081997fc method=java.lang.ref.Reference$ReferenceHandler.run()V @ 68
Event: 6537.726 Thread 0x00007fd14224d800 Uncommon trap: reason=class_check action=maybe_recompile pc=0x00000001081b6758 method=sun.java2d.Disposer.run()V @ 21
Event: 6537.729 Thread 0x00007fd14224d800 Uncommon trap: reason=class_check action=maybe_recompile pc=0x00000001081b6758 method=sun.java2d.Disposer.run()V @ 21
Event: 6537.731 Thread 0x00007fd14224d800 Uncommon trap: reason=class_check action=maybe_recompile pc=0x00000001081b6758 method=sun.java2d.Disposer.run()V @ 21
Event: 6537.737 Thread 0x00007fd14224d800 Uncommon trap: reason=class_check action=maybe_recompile pc=0x00000001081b6758 method=sun.java2d.Disposer.run()V @ 21
Event: 6537.759 Thread 0x00007fd14224d800 Uncommon trap: reason=unstable_if action=reinterpret pc=0x00000001086b0820 method=java.util.Hashtable.remove(Ljava/lang/Object;)Ljava/lang/Object; @ 51
Event: 6537.759 Thread 0x00007fd142055000 Uncommon trap: reason=unstable_if action=reinterpret pc=0x0000000108201a00 method=java.lang.ref.Reference$ReferenceHandler.run()V @ 90
Event: 6537.762 Thread 0x00007fd14224d800 Uncommon trap: reason=unstable_if action=reinterpret pc=0x00000001089032d8 method=sun.java2d.Disposer.clearDeferredRecords()V @ 3

Internal exceptions (10 events):
Event: 159.246 Thread 0x00007fd141924000 Implicit null exception at 0x0000000107f224d3 to 0x0000000107f22875
Event: 159.263 Thread 0x00007fd141924000 Implicit null exception at 0x000000010878a045 to 0x000000010878d5cd
Event: 159.263 Thread 0x00007fd141924000 Implicit null exception at 0x0000000108838f22 to 0x000000010883fad1
Event: 159.280 Thread 0x00007fd141924000 Implicit null exception at 0x000000010873a815 to 0x000000010873a8c1
Event: 167.349 Thread 0x00007fd141924000 Implicit null exception at 0x000000010873dcd9 to 0x000000010873fd31
Event: 171.359 Thread 0x00007fd1488f4000 Implicit null exception at 0x00000001087ce5af to 0x00000001087ce949
Event: 171.359 Thread 0x00007fd1488f4000 Implicit null exception at 0x00000001087e19f2 to 0x00000001087e1d99
Event: 175.614 Thread 0x00007fd1488f4000 Implicit null exception at 0x0000000108750638 to 0x00000001087515e5
Event: 326.854 Thread 0x00007fd141924000 Implicit null exception at 0x000000010899bc6c to 0x000000010899f799
Event: 2829.262 Thread 0x00007fd141924000 Implicit null exception at 0x00000001087fa4bc to 0x00000001087fd5f5

Events (10 events):
Event: 6537.763 Executing VM operation: RevokeBias done
Event: 6537.763 Executing VM operation: RevokeBias
Event: 6537.763 Executing VM operation: RevokeBias done
Event: 6537.763 Thread 0x00007fd142087000 flushing nmethod 0x000000010813d6d0
Event: 6537.763 Thread 0x00007fd142087000 flushing nmethod 0x000000010816b450
Event: 6537.763 Thread 0x00007fd142087000 flushing nmethod 0x000000010819b390
Event: 6537.763 Thread 0x00007fd142087000 flushing nmethod 0x000000010819b850
Event: 6537.763 Thread 0x00007fd142087000 flushing nmethod 0x00000001081adc50
Event: 6537.765 Thread 0x00007fd142078800 flushing nmethod 0x000000010822f810
Event: 6537.766 Thread 0x00007fd142078800 flushing nmethod 0x000000010831a850


Dynamic libraries:
0x0000000005bbf000 	/System/Library/Frameworks/Cocoa.framework/Versions/A/Cocoa
0x0000000005bbf000 	/System/Library/Frameworks/Security.framework/Versions/A/Security
0x0000000005bbf000 	/System/Library/Frameworks/ApplicationServices.framework/Versions/A/ApplicationServices
0x0000000005bbf000 	/usr/lib/libz.1.dylib
0x0000000005bbf000 	/usr/lib/libSystem.B.dylib
0x0000000005bbf000 	/usr/lib/libobjc.A.dylib
0x0000000005bbf000 	/System/Library/Frameworks/CoreFoundation.framework/Versions/A/CoreFoundation
0x0000000005bbf000 	/System/Library/Frameworks/Foundation.framework/Versions/C/Foundation
0x0000000005bbf000 	/System/Library/Frameworks/AppKit.framework/Versions/C/AppKit
0x0000000005bbf000 	/System/Library/Frameworks/CoreData.framework/Versions/A/CoreData
0x0000000005bbf000 	/System/Library/PrivateFrameworks/RemoteViewServices.framework/Versions/A/RemoteViewServices
0x0000000005bbf000 	/System/Library/PrivateFrameworks/UIFoundation.framework/Versions/A/UIFoundation
0x0000000005bbf000 	/usr/lib/libScreenReader.dylib
0x0000000005bbf000 	/System/Library/Frameworks/Accelerate.framework/Versions/A/Accelerate
0x0000000005bbf000 	/System/Library/Frameworks/IOSurface.framework/Versions/A/IOSurface
0x0000000005bbf000 	/System/Library/Frameworks/AudioToolbox.framework/Versions/A/AudioToolbox
0x0000000005bbf000 	/System/Library/Frameworks/AudioUnit.framework/Versions/A/AudioUnit
0x0000000005bbf000 	/System/Library/PrivateFrameworks/DataDetectorsCore.framework/Versions/A/DataDetectorsCore
0x0000000005bbf000 	/System/Library/PrivateFrameworks/DesktopServicesPriv.framework/Versions/A/DesktopServicesPriv
0x0000000005bbf000 	/System/Library/Frameworks/Carbon.framework/Versions/A/Frameworks/HIToolbox.framework/Versions/A/HIToolbox
0x0000000005bbf000 	/System/Library/Frameworks/QuartzCore.framework/Versions/A/QuartzCore
0x0000000005bbf000 	/System/Library/Frameworks/Carbon.framework/Versions/A/Frameworks/SpeechRecognition.framework/Versions/A/SpeechRecognition
0x0000000005bbf000 	/usr/lib/libauto.dylib
0x0000000005bbf000 	/usr/lib/libicucore.A.dylib
0x0000000005bbf000 	/usr/lib/libxml2.2.dylib
0x0000000005bbf000 	/System/Library/PrivateFrameworks/CoreUI.framework/Versions/A/CoreUI
0x0000000005bbf000 	/System/Library/Frameworks/CoreAudio.framework/Versions/A/CoreAudio
0x0000000005bbf000 	/System/Library/Frameworks/DiskArbitration.framework/Versions/A/DiskArbitration
0x0000000005bbf000 	/usr/lib/liblangid.dylib
0x0000000005bbf000 	/System/Library/PrivateFrameworks/MultitouchSupport.framework/Versions/A/MultitouchSupport
0x0000000005bbf000 	/System/Library/Frameworks/IOKit.framework/Versions/A/IOKit
0x0000000005bbf000 	/usr/lib/libDiagnosticMessagesClient.dylib
0x0000000005bbf000 	/System/Library/Frameworks/CoreServices.framework/Versions/A/CoreServices
0x0000000005bbf000 	/System/Library/PrivateFrameworks/PerformanceAnalysis.framework/Versions/A/PerformanceAnalysis
0x0000000005bbf000 	/System/Library/PrivateFrameworks/GenerationalStorage.framework/Versions/A/GenerationalStorage
0x0000000005bbf000 	/System/Library/Frameworks/OpenGL.framework/Versions/A/OpenGL
0x0000000005bbf000 	/System/Library/PrivateFrameworks/Sharing.framework/Versions/A/Sharing
0x0000000005bbf000 	/System/Library/Frameworks/CoreGraphics.framework/Versions/A/CoreGraphics
0x0000000005bbf000 	/System/Library/Frameworks/CoreImage.framework/Versions/A/CoreImage
0x0000000005bbf000 	/System/Library/Frameworks/CoreText.framework/Versions/A/CoreText
0x0000000005bbf000 	/System/Library/Frameworks/ImageIO.framework/Versions/A/ImageIO
0x0000000005bbf000 	/System/Library/PrivateFrameworks/Backup.framework/Versions/A/Backup
0x0000000005bbf000 	/usr/lib/libextension.dylib
0x0000000005bbf000 	/usr/lib/libarchive.2.dylib
0x0000000005bbf000 	/System/Library/Frameworks/CFNetwork.framework/Versions/A/CFNetwork
0x0000000005bbf000 	/System/Library/Frameworks/SystemConfiguration.framework/Versions/A/SystemConfiguration
0x0000000005bbf000 	/usr/lib/libCRFSuite.dylib
0x0000000005bbf000 	/usr/lib/libc++.1.dylib
0x0000000005bbf000 	/usr/lib/libc++abi.dylib
0x0000000005bbf000 	/usr/lib/system/libcache.dylib
0x0000000005bbf000 	/usr/lib/system/libcommonCrypto.dylib
0x0000000005bbf000 	/usr/lib/system/libcompiler_rt.dylib
0x0000000005bbf000 	/usr/lib/system/libcopyfile.dylib
0x0000000005bbf000 	/usr/lib/system/libcorecrypto.dylib
0x0000000005bbf000 	/usr/lib/system/libdispatch.dylib
0x0000000005bbf000 	/usr/lib/system/libdyld.dylib
0x0000000005bbf000 	/usr/lib/system/libkeymgr.dylib
0x0000000005bbf000 	/usr/lib/system/liblaunch.dylib
0x0000000005bbf000 	/usr/lib/system/libmacho.dylib
0x0000000005bbf000 	/usr/lib/system/libquarantine.dylib
0x0000000005bbf000 	/usr/lib/system/libremovefile.dylib
0x0000000005bbf000 	/usr/lib/system/libsystem_asl.dylib
0x0000000005bbf000 	/usr/lib/system/libsystem_blocks.dylib
0x0000000005bbf000 	/usr/lib/system/libsystem_c.dylib
0x0000000005bbf000 	/usr/lib/system/libsystem_configuration.dylib
0x0000000005bbf000 	/usr/lib/system/libsystem_coreservices.dylib
0x0000000005bbf000 	/usr/lib/system/libsystem_coretls.dylib
0x0000000005bbf000 	/usr/lib/system/libsystem_dnssd.dylib
0x0000000005bbf000 	/usr/lib/system/libsystem_info.dylib
0x0000000005bbf000 	/usr/lib/system/libsystem_kernel.dylib
0x0000000005bbf000 	/usr/lib/system/libsystem_m.dylib
0x0000000005bbf000 	/usr/lib/system/libsystem_malloc.dylib
0x0000000005bbf000 	/usr/lib/system/libsystem_network.dylib
0x0000000005bbf000 	/usr/lib/system/libsystem_networkextension.dylib
0x0000000005bbf000 	/usr/lib/system/libsystem_notify.dylib
0x0000000005bbf000 	/usr/lib/system/libsystem_platform.dylib
0x0000000005bbf000 	/usr/lib/system/libsystem_pthread.dylib
0x0000000005bbf000 	/usr/lib/system/libsystem_sandbox.dylib
0x0000000005bbf000 	/usr/lib/system/libsystem_secinit.dylib
0x0000000005bbf000 	/usr/lib/system/libsystem_trace.dylib
0x0000000005bbf000 	/usr/lib/system/libunc.dylib
0x0000000005bbf000 	/usr/lib/system/libunwind.dylib
0x0000000005bbf000 	/usr/lib/system/libxpc.dylib
0x0000000005bbf000 	/usr/lib/libenergytrace.dylib
0x0000000005bbf000 	/usr/lib/libbsm.0.dylib
0x0000000005bbf000 	/usr/lib/system/libkxld.dylib
0x0000000005bbf000 	/usr/lib/libxar.1.dylib
0x0000000005bbf000 	/usr/lib/libsqlite3.dylib
0x0000000005bbf000 	/usr/lib/libpam.2.dylib
0x0000000005bbf000 	/usr/lib/libOpenScriptingUtil.dylib
0x0000000005bbf000 	/usr/lib/libbz2.1.0.dylib
0x0000000005bbf000 	/usr/lib/liblzma.5.dylib
0x0000000005bbf000 	/System/Library/Frameworks/CoreServices.framework/Versions/A/Frameworks/FSEvents.framework/Versions/A/FSEvents
0x0000000005bbf000 	/System/Library/Frameworks/CoreServices.framework/Versions/A/Frameworks/CarbonCore.framework/Versions/A/CarbonCore
0x0000000005bbf000 	/System/Library/Frameworks/CoreServices.framework/Versions/A/Frameworks/Metadata.framework/Versions/A/Metadata
0x0000000005bbf000 	/System/Library/Frameworks/CoreServices.framework/Versions/A/Frameworks/OSServices.framework/Versions/A/OSServices
0x0000000005bbf000 	/System/Library/Frameworks/CoreServices.framework/Versions/A/Frameworks/SearchKit.framework/Versions/A/SearchKit
0x0000000005bbf000 	/System/Library/Frameworks/CoreServices.framework/Versions/A/Frameworks/AE.framework/Versions/A/AE
0x0000000005bbf000 	/System/Library/Frameworks/CoreServices.framework/Versions/A/Frameworks/LaunchServices.framework/Versions/A/LaunchServices
0x0000000005bbf000 	/System/Library/Frameworks/CoreServices.framework/Versions/A/Frameworks/DictionaryServices.framework/Versions/A/DictionaryServices
0x0000000005bbf000 	/System/Library/Frameworks/CoreServices.framework/Versions/A/Frameworks/SharedFileList.framework/Versions/A/SharedFileList
0x0000000005bbf000 	/System/Library/Frameworks/NetFS.framework/Versions/A/NetFS
0x0000000005bbf000 	/System/Library/PrivateFrameworks/NetAuth.framework/Versions/A/NetAuth
0x0000000005bbf000 	/System/Library/PrivateFrameworks/login.framework/Versions/A/Frameworks/loginsupport.framework/Versions/A/loginsupport
0x0000000005bbf000 	/System/Library/PrivateFrameworks/TCC.framework/Versions/A/TCC
0x0000000005bbf000 	/usr/lib/libmecabra.dylib
0x0000000005bbf000 	/System/Library/Frameworks/ApplicationServices.framework/Versions/A/Frameworks/ATS.framework/Versions/A/ATS
0x0000000005bbf000 	/System/Library/Frameworks/ApplicationServices.framework/Versions/A/Frameworks/ColorSync.framework/Versions/A/ColorSync
0x0000000005bbf000 	/System/Library/Frameworks/ApplicationServices.framework/Versions/A/Frameworks/HIServices.framework/Versions/A/HIServices
0x0000000005bbf000 	/System/Library/Frameworks/ApplicationServices.framework/Versions/A/Frameworks/LangAnalysis.framework/Versions/A/LangAnalysis
0x0000000005bbf000 	/System/Library/Frameworks/ApplicationServices.framework/Versions/A/Frameworks/PrintCore.framework/Versions/A/PrintCore
0x0000000005bbf000 	/System/Library/Frameworks/ApplicationServices.framework/Versions/A/Frameworks/QD.framework/Versions/A/QD
0x0000000005bbf000 	/System/Library/Frameworks/ApplicationServices.framework/Versions/A/Frameworks/SpeechSynthesis.framework/Versions/A/SpeechSynthesis
0x0000000005bbf000 	/System/Library/Frameworks/Metal.framework/Versions/A/Metal
0x0000000005bbf000 	/System/Library/Frameworks/Accelerate.framework/Versions/A/Frameworks/vImage.framework/Versions/A/vImage
0x0000000005bbf000 	/System/Library/Frameworks/Accelerate.framework/Versions/A/Frameworks/vecLib.framework/Versions/A/vecLib
0x0000000005bbf000 	/System/Library/Frameworks/Accelerate.framework/Versions/A/Frameworks/vecLib.framework/Versions/A/libvDSP.dylib
0x0000000005bbf000 	/System/Library/Frameworks/Accelerate.framework/Versions/A/Frameworks/vecLib.framework/Versions/A/libvMisc.dylib
0x0000000005bbf000 	/System/Library/Frameworks/Accelerate.framework/Versions/A/Frameworks/vecLib.framework/Versions/A/libLAPACK.dylib
0x0000000005bbf000 	/System/Library/Frameworks/Accelerate.framework/Versions/A/Frameworks/vecLib.framework/Versions/A/libBLAS.dylib
0x0000000005bbf000 	/System/Library/Frameworks/Accelerate.framework/Versions/A/Frameworks/vecLib.framework/Versions/A/libLinearAlgebra.dylib
0x0000000005bbf000 	/System/Library/Frameworks/Accelerate.framework/Versions/A/Frameworks/vecLib.framework/Versions/A/libSparseBLAS.dylib
0x0000000005bbf000 	/System/Library/PrivateFrameworks/GPUCompiler.framework/libmetal_timestamp.dylib
0x0000000005bbf000 	/System/Library/Frameworks/OpenGL.framework/Versions/A/Libraries/libCoreFSCache.dylib
0x0000000005bbf000 	/System/Library/PrivateFrameworks/IOAccelerator.framework/Versions/A/IOAccelerator
0x0000000005bbf000 	/System/Library/Frameworks/ApplicationServices.framework/Versions/A/Frameworks/ATS.framework/Versions/A/Resources/libFontParser.dylib
0x0000000005bbf000 	/System/Library/Frameworks/ApplicationServices.framework/Versions/A/Frameworks/ATS.framework/Versions/A/Resources/libFontRegistry.dylib
0x0000000005bbf000 	/System/Library/PrivateFrameworks/AppleVPA.framework/Versions/A/AppleVPA
0x0000000005bbf000 	/System/Library/PrivateFrameworks/AppleJPEG.framework/Versions/A/AppleJPEG
0x0000000005bbf000 	/System/Library/Frameworks/ImageIO.framework/Versions/A/Resources/libJPEG.dylib
0x0000000005bbf000 	/System/Library/Frameworks/ImageIO.framework/Versions/A/Resources/libTIFF.dylib
0x0000000005bbf000 	/System/Library/Frameworks/ImageIO.framework/Versions/A/Resources/libPng.dylib
0x0000000005bbf000 	/System/Library/Frameworks/ImageIO.framework/Versions/A/Resources/libGIF.dylib
0x0000000005bbf000 	/System/Library/Frameworks/ImageIO.framework/Versions/A/Resources/libJP2.dylib
0x0000000005bbf000 	/System/Library/Frameworks/ImageIO.framework/Versions/A/Resources/libRadiance.dylib
0x0000000005bbf000 	/System/Library/Frameworks/CoreVideo.framework/Versions/A/CoreVideo
0x0000000005bbf000 	/System/Library/Frameworks/OpenGL.framework/Versions/A/Libraries/libGLU.dylib
0x0000000005bbf000 	/System/Library/Frameworks/OpenGL.framework/Versions/A/Libraries/libGFXShared.dylib
0x0000000005bbf000 	/System/Library/Frameworks/OpenGL.framework/Versions/A/Libraries/libGL.dylib
0x0000000005bbf000 	/System/Library/Frameworks/OpenGL.framework/Versions/A/Libraries/libGLImage.dylib
0x0000000005bbf000 	/System/Library/Frameworks/OpenGL.framework/Versions/A/Libraries/libCVMSPluginSupport.dylib
0x0000000005bbf000 	/System/Library/Frameworks/OpenGL.framework/Versions/A/Libraries/libCoreVMClient.dylib
0x0000000005bbf000 	/usr/lib/libcompression.dylib
0x0000000005bbf000 	/usr/lib/libcups.2.dylib
0x0000000005bbf000 	/System/Library/Frameworks/Kerberos.framework/Versions/A/Kerberos
0x0000000005bbf000 	/System/Library/Frameworks/GSS.framework/Versions/A/GSS
0x0000000005bbf000 	/usr/lib/libresolv.9.dylib
0x0000000005bbf000 	/usr/lib/libiconv.2.dylib
0x0000000005bbf000 	/System/Library/PrivateFrameworks/Heimdal.framework/Versions/A/Heimdal
0x0000000005bbf000 	/usr/lib/libheimdal-asn1.dylib
0x0000000005bbf000 	/System/Library/Frameworks/OpenDirectory.framework/Versions/A/OpenDirectory
0x0000000005bbf000 	/System/Library/PrivateFrameworks/CommonAuth.framework/Versions/A/CommonAuth
0x0000000005bbf000 	/System/Library/Frameworks/OpenDirectory.framework/Versions/A/Frameworks/CFOpenDirectory.framework/Versions/A/CFOpenDirectory
0x0000000005bbf000 	/System/Library/Frameworks/SecurityFoundation.framework/Versions/A/SecurityFoundation
0x0000000005bbf000 	/System/Library/PrivateFrameworks/LanguageModeling.framework/Versions/A/LanguageModeling
0x0000000005bbf000 	/usr/lib/libmarisa.dylib
0x0000000005bbf000 	/usr/lib/libChineseTokenizer.dylib
0x0000000005bbf000 	/usr/lib/libcmph.dylib
0x0000000005bbf000 	/System/Library/Frameworks/ServiceManagement.framework/Versions/A/ServiceManagement
0x0000000005bbf000 	/usr/lib/libxslt.1.dylib
0x0000000005bbf000 	/System/Library/Frameworks/Carbon.framework/Versions/A/Frameworks/Ink.framework/Versions/A/Ink
0x0000000005bbf000 	/usr/lib/libFosl_dynamic.dylib
0x0000000005bbf000 	/System/Library/PrivateFrameworks/FaceCore.framework/Versions/A/FaceCore
0x0000000005bbf000 	/System/Library/Frameworks/OpenCL.framework/Versions/A/OpenCL
0x0000000005bbf000 	/System/Library/PrivateFrameworks/CrashReporterSupport.framework/Versions/A/CrashReporterSupport
0x0000000005bbf000 	/System/Library/PrivateFrameworks/IconServices.framework/Versions/A/IconServices
0x0000000005bbf000 	/System/Library/PrivateFrameworks/Apple80211.framework/Versions/A/Apple80211
0x0000000005bbf000 	/System/Library/Frameworks/CoreWLAN.framework/Versions/A/CoreWLAN
0x0000000005bbf000 	/System/Library/Frameworks/IOBluetooth.framework/Versions/A/IOBluetooth
0x0000000005bbf000 	/System/Library/PrivateFrameworks/CoreWiFi.framework/Versions/A/CoreWiFi
0x0000000005bbf000 	/System/Library/Frameworks/CoreBluetooth.framework/Versions/A/CoreBluetooth
0x0000000005bbf000 	/System/Library/PrivateFrameworks/ChunkingLibrary.framework/Versions/A/ChunkingLibrary
0x0000000005bbf000 	/System/Library/PrivateFrameworks/DebugSymbols.framework/Versions/A/DebugSymbols
0x0000000005bbf000 	/System/Library/PrivateFrameworks/CoreSymbolication.framework/Versions/A/CoreSymbolication
0x0000000005bbf000 	/System/Library/PrivateFrameworks/Symbolication.framework/Versions/A/Symbolication
0x0000000005bbf000 	/System/Library/PrivateFrameworks/SpeechRecognitionCore.framework/Versions/A/SpeechRecognitionCore
0x0000000106e00000 	/Library/Java/JavaVirtualMachines/jdk1.8.0_73.jdk/Contents/Home/jre/lib/server/libjvm.dylib
0x0000000005bbf000 	/usr/lib/libstdc++.6.dylib
0x0000000106575000 	/Library/Java/JavaVirtualMachines/jdk1.8.0_73.jdk/Contents/Home/jre/lib/libverify.dylib
0x0000000106583000 	/Library/Java/JavaVirtualMachines/jdk1.8.0_73.jdk/Contents/Home/jre/lib/libjava.dylib
0x00000001065c2000 	/Library/Java/JavaVirtualMachines/jdk1.8.0_73.jdk/Contents/Home/jre/lib/libzip.dylib
0x000000012219a000 	/System/Library/Frameworks/JavaVM.framework/Frameworks/JavaRuntimeSupport.framework/JavaRuntimeSupport
0x00000001221b5000 	/System/Library/Frameworks/JavaVM.framework/Versions/A/Frameworks/JavaNativeFoundation.framework/Versions/A/JavaNativeFoundation
0x00000001221ca000 	/System/Library/Frameworks/JavaVM.framework/Versions/A/JavaVM
0x0000000005bbf000 	/System/Library/Frameworks/Carbon.framework/Versions/A/Carbon
0x00000001065f4000 	/System/Library/PrivateFrameworks/JavaLaunching.framework/Versions/A/JavaLaunching
0x0000000005bbf000 	/System/Library/Frameworks/Carbon.framework/Versions/A/Frameworks/CommonPanels.framework/Versions/A/CommonPanels
0x0000000005bbf000 	/System/Library/Frameworks/Carbon.framework/Versions/A/Frameworks/Help.framework/Versions/A/Help
0x0000000005bbf000 	/System/Library/Frameworks/Carbon.framework/Versions/A/Frameworks/ImageCapture.framework/Versions/A/ImageCapture
0x0000000005bbf000 	/System/Library/Frameworks/Carbon.framework/Versions/A/Frameworks/OpenScripting.framework/Versions/A/OpenScripting
0x0000000005bbf000 	/System/Library/Frameworks/Carbon.framework/Versions/A/Frameworks/Print.framework/Versions/A/Print
0x0000000005bbf000 	/System/Library/Frameworks/Carbon.framework/Versions/A/Frameworks/SecurityHI.framework/Versions/A/SecurityHI
0x0000000123e4b000 	/Library/Java/JavaVirtualMachines/jdk1.8.0_73.jdk/Contents/Home/jre/lib/libawt.dylib
0x0000000123ef3000 	/Library/Java/JavaVirtualMachines/jdk1.8.0_73.jdk/Contents/Home/jre/lib/./libmlib_image.dylib
0x0000000123fbf000 	/Library/Java/JavaVirtualMachines/jdk1.8.0_73.jdk/Contents/Home/jre/lib/libawt_lwawt.dylib
0x0000000124074000 	/Library/Java/JavaVirtualMachines/jdk1.8.0_73.jdk/Contents/Home/jre/lib/./libosxapp.dylib
0x0000000005bbf000 	/System/Library/Frameworks/ExceptionHandling.framework/Versions/A/ExceptionHandling
0x0000000005bbf000 	/System/Library/PrivateFrameworks/CoreServicesInternal.framework/Versions/A/CoreServicesInternal
0x0000000005bbf000 	/System/Library/Frameworks/CoreGraphics.framework/Versions/A/Resources/libRIP.A.dylib
0x0000000005bbf000 	/System/Library/Frameworks/Accelerate.framework/Versions/A/Frameworks/vImage.framework/Versions/A/Libraries/libCGInterfaces.dylib
0x0000000005bbf000 	/System/Library/Frameworks/CoreGraphics.framework/Versions/A/Resources/libCGXType.A.dylib
0x0000000005bbf000 	/System/Library/Frameworks/OpenCL.framework/Versions/A/Libraries/libcldcpuengine.dylib
0x0000000005bbf000 	/System/Library/PrivateFrameworks/DiskImages.framework/Versions/A/DiskImages
0x0000000005bbf000 	/System/Library/Frameworks/DiscRecording.framework/Versions/A/DiscRecording
0x0000000005bbf000 	/usr/lib/libcsfde.dylib
0x0000000005bbf000 	/usr/lib/libcurl.4.dylib
0x0000000005bbf000 	/System/Library/PrivateFrameworks/MediaKit.framework/Versions/A/MediaKit
0x0000000005bbf000 	/System/Library/PrivateFrameworks/ProtectedCloudStorage.framework/Versions/A/ProtectedCloudStorage
0x0000000005bbf000 	/usr/lib/libCoreStorage.dylib
0x0000000005bbf000 	/System/Library/PrivateFrameworks/EFILogin.framework/Versions/A/EFILogin
0x0000000005bbf000 	/usr/lib/libutil.dylib
0x0000000005bbf000 	/System/Library/PrivateFrameworks/FindMyDevice.framework/Versions/A/FindMyDevice
0x0000000005bbf000 	/System/Library/Frameworks/LDAP.framework/Versions/A/LDAP
0x0000000005bbf000 	/usr/lib/libsasl2.2.dylib
0x0000000005bbf000 	/System/Library/PrivateFrameworks/CoreDaemon.framework/Versions/B/CoreDaemon
0x0000000005bbf000 	/usr/lib/libcrypto.0.9.8.dylib
0x0000000005bbf000 	/System/Library/PrivateFrameworks/AppleSRP.framework/Versions/A/AppleSRP
0x0000000005bbf000 	/System/Library/PrivateFrameworks/TrustEvaluationAgent.framework/Versions/A/TrustEvaluationAgent
0x0000000125e16000 	cl_kernels
0x0000000005bbf000 	/System/Library/Frameworks/OpenCL.framework/Versions/A/Libraries/ImageFormats/unorm8_bgra.dylib
0x0000000005bbf000 	/System/Library/Frameworks/OpenCL.framework/Versions/A/Libraries/ImageFormats/unorm8_rgba.dylib
0x0000000005bbf000 	/System/Library/PrivateFrameworks/FamilyControls.framework/Versions/A/FamilyControls
0x0000000005bbf000 	/System/Library/PrivateFrameworks/CommerceKit.framework/Versions/A/Frameworks/CommerceCore.framework/Versions/A/CommerceCore
0x0000000005bbf000 	/System/Library/PrivateFrameworks/SystemAdministration.framework/Versions/A/SystemAdministration
0x0000000005bbf000 	/System/Library/PrivateFrameworks/AppContainer.framework/Versions/A/AppContainer
0x0000000005bbf000 	/System/Library/PrivateFrameworks/SecCodeWrapper.framework/Versions/A/SecCodeWrapper
0x0000000005bbf000 	/System/Library/Frameworks/DirectoryService.framework/Versions/A/DirectoryService
0x0000000005bbf000 	/System/Library/PrivateFrameworks/LoginUIKit.framework/Versions/A/Frameworks/LoginUICore.framework/Versions/A/LoginUICore
0x0000000005bbf000 	/usr/lib/libodfde.dylib
0x0000000005bbf000 	/System/Library/Frameworks/OpenGL.framework/Versions/A/Resources/GLEngine.bundle/GLEngine
0x0000000005bbf000 	/System/Library/Frameworks/OpenGL.framework/Versions/A/Libraries/libGLProgrammability.dylib
0x0000000126ff3000 	/System/Library/Extensions/AppleIntelBDWGraphicsGLDriver.bundle/Contents/MacOS/AppleIntelBDWGraphicsGLDriver
0x0000000005bbf000 	/System/Library/PrivateFrameworks/GPUSupport.framework/Versions/A/Libraries/libGPUSupportMercury.dylib
0x0000000005bbf000 	/System/Library/Frameworks/OpenGL.framework/Versions/A/Resources/GLRendererFloat.bundle/GLRendererFloat
0x0000000128801000 	/Library/Java/JavaVirtualMachines/jdk1.8.0_73.jdk/Contents/Home/jre/lib/libfontmanager.dylib
0x0000000128868000 	/Library/Java/JavaVirtualMachines/jdk1.8.0_73.jdk/Contents/Home/jre/lib/libosxui.dylib
0x000000012a9d5000 	/Library/Java/JavaVirtualMachines/jdk1.8.0_73.jdk/Contents/Home/jre/lib/libnet.dylib
0x000000012a9ec000 	/Library/Java/JavaVirtualMachines/jdk1.8.0_73.jdk/Contents/Home/jre/lib/libnio.dylib
0x0000000005bbf000 	/System/Library/Frameworks/ApplicationServices.framework/Versions/A/Frameworks/ATS.framework/Versions/A/Resources/libTrueTypeScaler.dylib
0x000000017bcaa000 	/System/Library/Extensions/AppleIntelBDWGraphicsMTLDriver.bundle/Contents/MacOS/AppleIntelBDWGraphicsMTLDriver
0x00000001253b5000 	/Library/Java/JavaVirtualMachines/jdk1.8.0_73.jdk/Contents/Home/jre/lib/libdcpr.dylib
0x0000000005bbf000 	/System/Library/PrivateFrameworks/CloudDocs.framework/Versions/A/CloudDocs
0x0000000005bbf000 	/System/Library/PrivateFrameworks/CoreDuet.framework/Versions/A/CoreDuet
0x0000000005bbf000 	/System/Library/Frameworks/CloudKit.framework/Versions/A/CloudKit
0x0000000005bbf000 	/System/Library/PrivateFrameworks/ProtocolBuffer.framework/Versions/A/ProtocolBuffer
0x0000000005bbf000 	/System/Library/PrivateFrameworks/CoreDuetDaemonProtocol.framework/Versions/A/CoreDuetDaemonProtocol
0x0000000005bbf000 	/System/Library/PrivateFrameworks/CoreDuetDebugLogging.framework/Versions/A/CoreDuetDebugLogging
0x0000000005bbf000 	/System/Library/PrivateFrameworks/MMCS.framework/Versions/A/MMCS
0x0000000005bbf000 	/System/Library/Frameworks/CoreLocation.framework/Versions/A/CoreLocation
0x0000000005bbf000 	/System/Library/PrivateFrameworks/AssetCacheServices.framework/Versions/A/AssetCacheServices
0x0000000005bbf000 	/System/Library/PrivateFrameworks/GeoServices.framework/Versions/A/GeoServices

VM Arguments:
jvm_args: -Dfile.encoding=UTF-8 
java_command: Fitting.TimeSeries.InteractiveChirpFit
java_class_path (initial): /Users/varunkapoor/Chirp_Fits/target/classes:/Users/varunkapoor/.m2/repository/net/imglib2/imglib2/2.2.1/imglib2-2.2.1.jar:/Users/varunkapoor/.m2/repository/net/imagej/ij/1.49q/ij-1.49q.jar:/Library/Java/JavaVirtualMachines/jdk1.8.0_73.jdk/Contents/Home/lib/tools.jar:/Users/varunkapoor/.m2/repository/sc/fiji/bigdataviewer-core/1.1.3/bigdataviewer-core-1.1.3.jar:/Users/varunkapoor/.m2/repository/cisd/jhdf5/14.12.0/jhdf5-14.12.0.jar:/Users/varunkapoor/.m2/repository/com/google/code/gson/gson/2.2.4/gson-2.2.4.jar:/Users/varunkapoor/.m2/repository/sc/fiji/spim_data/1.0.0-beta-7/spim_data-1.0.0-beta-7.jar:/Users/varunkapoor/.m2/repository/org/scijava/scijava-common/2.40.0/scijava-common-2.40.0.jar:/Users/varunkapoor/.m2/repository/com/googlecode/gentyref/gentyref/1.1.0/gentyref-1.1.0.jar:/Users/varunkapoor/.m2/repository/org/bushe/eventbus/1.4/eventbus-1.4.jar:/Users/varunkapoor/.m2/repository/sc/fiji/Fiji_Plugins/3.0.0/Fiji_Plugins-3.0.0.jar:/Users/varunkapoor/.m2/repository/sc/fiji/SPIM_Opener/2.0.1/SPIM_Opener-2.0.1.jar:/Users/varunkapoor/.m2/repository/sc/fiji/VIB-lib/2.0.1/VIB-lib-2.0.1.jar:/Users/varunkapoor/.m2/repository/sc/fiji/pal-optimization/2.0.0/pal-optimization-2.0.0.jar:/Users/varunkapoor/.m2/repository/sc/fiji/fiji-lib/2.1.0/fiji-lib-2.1.0.jar:/Users/varunkapoor/.m2/repository/net/imagej/ij1-patcher/0.12.1/ij1-patcher-0.12.1.jar:/Users/varunkapoor/.m2/repository/org/javassist/javassist/3.19.0-GA/javassist-3.19.0-GA.jar:/Users/varunkapoor/.m2/repository/sc/fiji/legacy-imglib1/1.1.4-DEPRECATED/legacy-imglib1-1.1.4-DEPRECATED.jar:/Users/varunkapoor/.m2/repository/ome/formats-api/5.1.0/formats-api-5.1.0.jar:/Users/varunkapoor/.m2/repository/org/slf4j/slf4j-api/1.7.6/slf4j-api-1.7.6.jar:/Users/varunkapoor/.m2/repository/ome/formats-bsd/5.1.0/formats-bsd-5.1.0.jar:/Users/varunkapoor/.m2/repository/ome/jai_imageio/5.1.0/jai_imageio-5.1.0.jar:/Users/varunkapoor/.m2/repository/ome/specification/5.1.0/specification-5.1.0.jar:/Users/var
Launcher Type: SUN_STANDARD

Environment Variables:
PATH=/usr/bin:/bin:/usr/sbin:/sbin
SHELL=/bin/bash
DISPLAY=/private/tmp/com.apple.launchd.c890leFojg/org.macosforge.xquartz:0

Signal Handlers:
SIGSEGV: [libjvm.dylib+0x5a71a5], sa_mask[0]=11111111011111110111111111111111, sa_flags=SA_ONSTACK|SA_RESTART|SA_SIGINFO
SIGBUS: [libjvm.dylib+0x5a71a5], sa_mask[0]=11111111011111110111111111111111, sa_flags=SA_RESTART|SA_SIGINFO
SIGFPE: [libjvm.dylib+0x480eb4], sa_mask[0]=11111111011111110111111111111111, sa_flags=SA_RESTART|SA_SIGINFO
SIGPIPE: [libjvm.dylib+0x480eb4], sa_mask[0]=11111111011111110111111111111111, sa_flags=SA_RESTART|SA_SIGINFO
SIGXFSZ: [libjvm.dylib+0x480eb4], sa_mask[0]=11111111011111110111111111111111, sa_flags=SA_RESTART|SA_SIGINFO
SIGILL: [libjvm.dylib+0x480eb4], sa_mask[0]=11111111011111110111111111111111, sa_flags=SA_RESTART|SA_SIGINFO
SIGUSR1: SIG_DFL, sa_mask[0]=00000000000000000000000000000000, sa_flags=none
SIGUSR2: [libjvm.dylib+0x4809d2], sa_mask[0]=00100000000000000000000000000000, sa_flags=SA_RESTART|SA_SIGINFO
SIGHUP: [libjvm.dylib+0x47efa9], sa_mask[0]=11111111011111110111111111111111, sa_flags=SA_RESTART|SA_SIGINFO
SIGINT: [libjvm.dylib+0x47efa9], sa_mask[0]=11111111011111110111111111111111, sa_flags=SA_RESTART|SA_SIGINFO
SIGTERM: [libjvm.dylib+0x47efa9], sa_mask[0]=11111111011111110111111111111111, sa_flags=SA_RESTART|SA_SIGINFO
SIGQUIT: [libjvm.dylib+0x47efa9], sa_mask[0]=11111111011111110111111111111111, sa_flags=SA_RESTART|SA_SIGINFO


---------------  S Y S T E M  ---------------

OS:Bsduname:Darwin 15.6.0 Darwin Kernel Version 15.6.0: Sun Jun  4 21:43:07 PDT 2017; root:xnu-3248.70.3~1/RELEASE_X86_64 x86_64
rlimit: STACK 8192k, CORE 0k, NPROC 709, NOFILE 10240, AS infinity
load average:1.70 2.01 2.05

CPU:total 4 (2 cores per cpu, 2 threads per core) family 6 model 61 stepping 4, cmov, cx8, fxsr, mmx, sse, sse2, sse3, ssse3, sse4.1, sse4.2, popcnt, avx, avx2, aes, clmul, erms, 3dnowpref, lzcnt, ht, tsc, tscinvbit, bmi1, bmi2, adx

Memory: 4k page, physical 16777216k(945452k free)

/proc/meminfo:


vm_info: Java HotSpot(TM) 64-Bit Server VM (25.73-b02) for bsd-amd64 JRE (1.8.0_73-b02), built on Jan 29 2016 15:02:00 by "java_re" with gcc 4.2.1 (Based on Apple Inc. build 5658) (LLVM build 2336.11.00)

time: Thu Oct 26 02:56:40 2017
elapsed time: 6537 seconds (0d 1h 48m 57s)

